Change Component Footprint: Designator=C1 Old Footprint=CAP 10*22*40 New Footprint=CAP 7.5*18*35.5
Change Component Footprint: Designator=C2 Old Footprint=CAP 10*22*40 New Footprint=CAP 7.5*18*35.5
Change Component Comment : Designator=C23 Old Comment=.01 New Comment=0.01uF/275V
Change Component Comment : Designator=C24 Old Comment=.01 New Comment=0.01uF/275V
Change Component Comment : Designator=C11 Old Comment=0.1uF New Comment=0.1uF/275V
Change Component Comment : Designator=C12 Old Comment=0.1uF New Comment=0.1uF/275V
Change Component Comment : Designator=C14 Old Comment=0.1uF New Comment=0.1uF/275V
Change Component Comment : Designator=C15 Old Comment=0.1uF New Comment=0.1uF/275V
Change Component Comment : Designator=C21 Old Comment=4.7uf New Comment=4.7uf/63v
Change Component Comment : Designator=C22 Old Comment=4.7uf New Comment=4.7uf/63v
Change Component Comment : Designator=C3 Old Comment=10UF New Comment=10UF/25V
Change Component Comment : Designator=C16 Old Comment=10UF New Comment=10UF/25V
Change Component Comment : Designator=C4 Old Comment=47pF New Comment=47pF/275V
Change Component Comment : Designator=C5 Old Comment=47pF New Comment=47pF/275V
Change Component Comment : Designator=C7 Old Comment=47UF New Comment=47UF/25V
Change Component Comment : Designator=C8 Old Comment=47UF New Comment=47UF/25V
Change Component Comment : Designator=C9 Old Comment=47UF New Comment=47UF/25V
Change Component Comment : Designator=C13 Old Comment=47UF New Comment=47UF/25V
Change Component Comment : Designator=VR1 Old Comment=100K New Comment=VR-W
Change Component Comment : Designator=VR2 Old Comment=100K New Comment=VR-W
Change Component Comment : Designator=C1 Old Comment=4700UF/35V New Comment=470UF/30V
Change Component Comment : Designator=C2 Old Comment=4700UF/35V New Comment=470UF/30V
Change Component Comment : Designator=Q2 Old Comment=KSP42 New Comment=KSP42/43
Change Component Comment : Designator=Q10 Old Comment=KSP42 New Comment=KSP42/43
Change Component Comment : Designator=Q11 Old Comment=KSP42 New Comment=KSP42/43
Change Component Comment : Designator=Q14 Old Comment=KSP42 New Comment=KSP42/43
Change Component Comment : Designator=Q1 Old Comment=KSP92 New Comment=KSP92/93
Change Component Comment : Designator=Q3 Old Comment=KSP92 New Comment=KSP92/93
Change Component Comment : Designator=Q6 Old Comment=KSP92 New Comment=KSP92/93
Change Component Comment : Designator=Q13 Old Comment=KSP92 New Comment=KSP92/93
Change Component Comment : Designator=D1 Old Comment=LED New Comment=ValueValueAux
Change Component Comment : Designator=D2 Old Comment=LED New Comment=ValueValueAux
Change Component Comment : Designator=D8 Old Comment=LED New Comment=ValueValueAux
Change Component Comment : Designator=D9 Old Comment=LED New Comment=ValueValueAux
Change Component Comment : Designator=D5 Old Comment=LT1021 New Comment=LT1021-10-2P
Change Component Comment : Designator=D7 Old Comment=LT1021 New Comment=LT1021-10-2P
Change Component Comment : Designator=U1 Old Comment=OPA134 New Comment=OPA134PA
Change Component Comment : Designator=U2 Old Comment=OPA134 New Comment=OPA134PA
Added Component: Designator=S1(Screw-M3)
Add component. Clean all parameters for all variants
Added Component: Designator=S2(Screw-M3)
Add component. Clean all parameters for all variants
Added Component: Designator=S3(Screw-M3)
Add component. Clean all parameters for all variants
Added Component: Designator=S4(Screw-M3)
Add component. Clean all parameters for all variants
Added Component: Designator=S5(Screw-M3)
Add component. Clean all parameters for all variants
Added Pin To Net: NetName=GND Pin=C1-2
Added Pin To Net: NetName=GND Pin=C2-1
Added Pin To Net: NetName=GND Pin=C6-2
Added Pin To Net: NetName=GND Pin=C8-1
Added Pin To Net: NetName=GND Pin=C9-2
Added Pin To Net: NetName=GND Pin=C10-1
Added Pin To Net: NetName=GND Pin=C12-2
Added Pin To Net: NetName=GND Pin=C15-2
Added Pin To Net: NetName=GND Pin=C21-2
Added Pin To Net: NetName=GND Pin=C22-1
Added Pin To Net: NetName=GND Pin=C23-1
Added Pin To Net: NetName=GND Pin=C24-1
Added Pin To Net: NetName=GND Pin=D5-4
Added Pin To Net: NetName=GND Pin=D7-6
Added Pin To Net: NetName=GND Pin=D8-1
Added Pin To Net: NetName=GND Pin=D9-2
Added Pin To Net: NetName=GND Pin=Q6-3
Added Pin To Net: NetName=GND Pin=Q11-3
Added Pin To Net: NetName=GND Pin=R2-2
Added Pin To Net: NetName=GND Pin=R5-1
Added Pin To Net: NetName=GND Pin=R7-2
Added Pin To Net: NetName=GND Pin=R10-1
Added Pin To Net: NetName=GND Pin=R18-1
Added Pin To Net: NetName=GND Pin=R23-2
Added Pin To Net: NetName=GND Pin=S3-1
Added Pin To Net: NetName=GND Pin=U1-4
Added Pin To Net: NetName=GND Pin=U2-7
Added Net: Name=GND
Added Pin To Net: NetName=NetC1_1 Pin=C1-1
Added Pin To Net: NetName=NetC1_1 Pin=D1-1
Added Pin To Net: NetName=NetC1_1 Pin=D11-2
Added Pin To Net: NetName=NetC1_1 Pin=Q4-2
Added Pin To Net: NetName=NetC1_1 Pin=Q9-2
Added Pin To Net: NetName=NetC1_1 Pin=R1-1
Added Pin To Net: NetName=NetC1_1 Pin=R16-1
Added Pin To Net: NetName=NetC1_1 Pin=S1-1
Added Net: Name=NetC1_1
Added Pin To Net: NetName=NetC2_2 Pin=C2-2
Added Pin To Net: NetName=NetC2_2 Pin=D2-2
Added Pin To Net: NetName=NetC2_2 Pin=D10-1
Added Pin To Net: NetName=NetC2_2 Pin=Q5-2
Added Pin To Net: NetName=NetC2_2 Pin=Q7-2
Added Pin To Net: NetName=NetC2_2 Pin=R4-2
Added Pin To Net: NetName=NetC2_2 Pin=R15-2
Added Pin To Net: NetName=NetC2_2 Pin=S2-1
Added Net: Name=NetC2_2
Added Pin To Net: NetName=NetC3_1 Pin=C3-1
Added Pin To Net: NetName=NetC3_1 Pin=C4-2
Added Pin To Net: NetName=NetC3_1 Pin=D33-1
Added Pin To Net: NetName=NetC3_1 Pin=D34-2
Added Pin To Net: NetName=NetC3_1 Pin=R9-1
Added Pin To Net: NetName=NetC3_1 Pin=R10-2
Added Pin To Net: NetName=NetC3_1 Pin=U2-2
Added Pin To Net: NetName=NetC3_1 Pin=VR1-3
Added Net: Name=NetC3_1
Added Pin To Net: NetName=NetC3_2 Pin=C3-2
Added Pin To Net: NetName=NetC3_2 Pin=C10-2
Added Pin To Net: NetName=NetC3_2 Pin=C22-2
Added Pin To Net: NetName=NetC3_2 Pin=C24-2
Added Pin To Net: NetName=NetC3_2 Pin=D10-2
Added Pin To Net: NetName=NetC3_2 Pin=Q7-3
Added Pin To Net: NetName=NetC3_2 Pin=Q12-2
Added Pin To Net: NetName=NetC3_2 Pin=R9-2
Added Pin To Net: NetName=NetC3_2 Pin=R12-2
Added Pin To Net: NetName=NetC3_2 Pin=R14-2
Added Pin To Net: NetName=NetC3_2 Pin=R17-2
Added Pin To Net: NetName=NetC3_2 Pin=S4-1
Added Pin To Net: NetName=NetC3_2 Pin=U2-4
Added Net: Name=NetC3_2
Added Pin To Net: NetName=NetC4_1 Pin=C4-1
Added Pin To Net: NetName=NetC4_1 Pin=R22-2
Added Pin To Net: NetName=NetC4_1 Pin=U2-6
Added Net: Name=NetC4_1
Added Pin To Net: NetName=NetC5_1 Pin=C5-1
Added Pin To Net: NetName=NetC5_1 Pin=R19-2
Added Pin To Net: NetName=NetC5_1 Pin=U1-6
Added Net: Name=NetC5_1
Added Pin To Net: NetName=NetC5_2 Pin=C5-2
Added Pin To Net: NetName=NetC5_2 Pin=C16-2
Added Pin To Net: NetName=NetC5_2 Pin=D31-1
Added Pin To Net: NetName=NetC5_2 Pin=D32-2
Added Pin To Net: NetName=NetC5_2 Pin=R7-1
Added Pin To Net: NetName=NetC5_2 Pin=R8-2
Added Pin To Net: NetName=NetC5_2 Pin=U1-2
Added Pin To Net: NetName=NetC5_2 Pin=VR2-3
Added Net: Name=NetC5_2
Added Pin To Net: NetName=NetC6_1 Pin=C6-1
Added Pin To Net: NetName=NetC6_1 Pin=C16-1
Added Pin To Net: NetName=NetC6_1 Pin=C21-1
Added Pin To Net: NetName=NetC6_1 Pin=C23-2
Added Pin To Net: NetName=NetC6_1 Pin=D11-1
Added Pin To Net: NetName=NetC6_1 Pin=Q4-3
Added Pin To Net: NetName=NetC6_1 Pin=Q8-3
Added Pin To Net: NetName=NetC6_1 Pin=R8-1
Added Pin To Net: NetName=NetC6_1 Pin=R13-2
Added Pin To Net: NetName=NetC6_1 Pin=R24-1
Added Pin To Net: NetName=NetC6_1 Pin=S5-1
Added Pin To Net: NetName=NetC6_1 Pin=U1-7
Added Net: Name=NetC6_1
Added Pin To Net: NetName=NetC7_1 Pin=C7-1
Added Pin To Net: NetName=NetC7_1 Pin=C11-1
Added Pin To Net: NetName=NetC7_1 Pin=D4-2
Added Pin To Net: NetName=NetC7_1 Pin=Q3-3
Added Pin To Net: NetName=NetC7_1 Pin=Q9-1
Added Net: Name=NetC7_1
Added Pin To Net: NetName=NetC7_2 Pin=C7-2
Added Pin To Net: NetName=NetC7_2 Pin=C11-2
Added Pin To Net: NetName=NetC7_2 Pin=D4-1
Added Pin To Net: NetName=NetC7_2 Pin=R3-1
Added Net: Name=NetC7_2
Added Pin To Net: NetName=NetC8_2 Pin=C8-2
Added Pin To Net: NetName=NetC8_2 Pin=C15-1
Added Pin To Net: NetName=NetC8_2 Pin=D33-2
Added Pin To Net: NetName=NetC8_2 Pin=D34-1
Added Pin To Net: NetName=NetC8_2 Pin=R21-1
Added Pin To Net: NetName=NetC8_2 Pin=U2-3
Added Net: Name=NetC8_2
Added Pin To Net: NetName=NetC9_1 Pin=C9-1
Added Pin To Net: NetName=NetC9_1 Pin=C12-1
Added Pin To Net: NetName=NetC9_1 Pin=D31-2
Added Pin To Net: NetName=NetC9_1 Pin=D32-1
Added Pin To Net: NetName=NetC9_1 Pin=R20-1
Added Pin To Net: NetName=NetC9_1 Pin=U1-3
Added Net: Name=NetC9_1
Added Pin To Net: NetName=NetC13_1 Pin=C13-1
Added Pin To Net: NetName=NetC13_1 Pin=C14-1
Added Pin To Net: NetName=NetC13_1 Pin=D6-2
Added Pin To Net: NetName=NetC13_1 Pin=R6-2
Added Net: Name=NetC13_1
Added Pin To Net: NetName=NetC13_2 Pin=C13-2
Added Pin To Net: NetName=NetC13_2 Pin=C14-2
Added Pin To Net: NetName=NetC13_2 Pin=D6-1
Added Pin To Net: NetName=NetC13_2 Pin=Q5-1
Added Pin To Net: NetName=NetC13_2 Pin=Q10-3
Added Net: Name=NetC13_2
Added Pin To Net: NetName=NetD1_2 Pin=D1-2
Added Pin To Net: NetName=NetD1_2 Pin=Q1-1
Added Net: Name=NetD1_2
Added Pin To Net: NetName=NetD2_1 Pin=D2-1
Added Pin To Net: NetName=NetD2_1 Pin=Q2-1
Added Net: Name=NetD2_1
Added Pin To Net: NetName=NetD3_1 Pin=D3-1
Added Pin To Net: NetName=NetD3_1 Pin=R13-1
Added Net: Name=NetD3_1
Added Pin To Net: NetName=NetD3_2 Pin=D3-2
Added Pin To Net: NetName=NetD3_2 Pin=R14-1
Added Net: Name=NetD3_2
Added Pin To Net: NetName=NetD5_6 Pin=D5-6
Added Pin To Net: NetName=NetD5_6 Pin=Q8-2
Added Pin To Net: NetName=NetD5_6 Pin=R11-2
Added Pin To Net: NetName=NetD5_6 Pin=R20-2
Added Net: Name=NetD5_6
Added Pin To Net: NetName=NetD7_4 Pin=D7-4
Added Pin To Net: NetName=NetD7_4 Pin=Q12-3
Added Pin To Net: NetName=NetD7_4 Pin=R21-2
Added Net: Name=NetD7_4
Added Pin To Net: NetName=NetD8_2 Pin=D8-2
Added Pin To Net: NetName=NetD8_2 Pin=Q13-2
Added Pin To Net: NetName=NetD8_2 Pin=R15-1
Added Net: Name=NetD8_2
Added Pin To Net: NetName=NetD9_1 Pin=D9-1
Added Pin To Net: NetName=NetD9_1 Pin=Q14-2
Added Pin To Net: NetName=NetD9_1 Pin=R16-2
Added Net: Name=NetD9_1
Added Pin To Net: NetName=NetQ1_2 Pin=Q1-2
Added Pin To Net: NetName=NetQ1_2 Pin=Q1-3
Added Pin To Net: NetName=NetQ1_2 Pin=Q3-2
Added Pin To Net: NetName=NetQ1_2 Pin=Q14-3
Added Net: Name=NetQ1_2
Added Pin To Net: NetName=NetQ2_2 Pin=Q2-2
Added Pin To Net: NetName=NetQ2_2 Pin=Q2-3
Added Pin To Net: NetName=NetQ2_2 Pin=Q10-2
Added Pin To Net: NetName=NetQ2_2 Pin=Q13-3
Added Net: Name=NetQ2_2
Added Pin To Net: NetName=NetQ3_1 Pin=Q3-1
Added Pin To Net: NetName=NetQ3_1 Pin=R1-2
Added Net: Name=NetQ3_1
Added Pin To Net: NetName=NetQ4_1 Pin=Q4-1
Added Pin To Net: NetName=NetQ4_1 Pin=Q9-3
Added Net: Name=NetQ4_1
Added Pin To Net: NetName=NetQ5_3 Pin=Q5-3
Added Pin To Net: NetName=NetQ5_3 Pin=Q7-1
Added Net: Name=NetQ5_3
Added Pin To Net: NetName=NetQ6_1 Pin=Q6-1
Added Pin To Net: NetName=NetQ6_1 Pin=R3-2
Added Net: Name=NetQ6_1
Added Pin To Net: NetName=NetQ6_2 Pin=Q6-2
Added Pin To Net: NetName=NetQ6_2 Pin=R19-1
Added Net: Name=NetQ6_2
Added Pin To Net: NetName=NetQ8_1 Pin=Q8-1
Added Pin To Net: NetName=NetQ8_1 Pin=R11-1
Added Net: Name=NetQ8_1
Added Pin To Net: NetName=NetQ10_1 Pin=Q10-1
Added Pin To Net: NetName=NetQ10_1 Pin=R4-1
Added Net: Name=NetQ10_1
Added Pin To Net: NetName=NetQ11_1 Pin=Q11-1
Added Pin To Net: NetName=NetQ11_1 Pin=R6-1
Added Net: Name=NetQ11_1
Added Pin To Net: NetName=NetQ11_2 Pin=Q11-2
Added Pin To Net: NetName=NetQ11_2 Pin=R22-1
Added Net: Name=NetQ11_2
Added Pin To Net: NetName=NetQ12_1 Pin=Q12-1
Added Pin To Net: NetName=NetQ12_1 Pin=R12-1
Added Net: Name=NetQ12_1
Added Pin To Net: NetName=NetQ13_1 Pin=Q13-1
Added Pin To Net: NetName=NetQ13_1 Pin=R5-2
Added Net: Name=NetQ13_1
Added Pin To Net: NetName=NetQ14_1 Pin=Q14-1
Added Pin To Net: NetName=NetQ14_1 Pin=R2-1
Added Net: Name=NetQ14_1
Added Pin To Net: NetName=NetR17_1 Pin=R17-1
Added Pin To Net: NetName=NetR17_1 Pin=VR1-2
Added Net: Name=NetR17_1
Added Pin To Net: NetName=NetR18_2 Pin=R18-2
Added Pin To Net: NetName=NetR18_2 Pin=VR1-1
Added Net: Name=NetR18_2
Added Pin To Net: NetName=NetR23_1 Pin=R23-1
Added Pin To Net: NetName=NetR23_1 Pin=VR2-2
Added Net: Name=NetR23_1
Added Pin To Net: NetName=NetR24_2 Pin=R24-2
Added Pin To Net: NetName=NetR24_2 Pin=VR2-1
Added Net: Name=NetR24_2
Added Class: Name=GRHV_Double_25v_KC
Change Room Name: Old Name=GRHV_double_30v New Name=GRHV_Double_25v_KC
Change Room Scope: Old Scope=InComponentClass('GRHV_double_30v') New Scope=InComponentClass('GRHV_Double_25v_KC')
