Added Component: Designator=L1(DIP-8)
Add component. Clean all parameters for all variants
Added Component: Designator=Q1(SOT-1210)
Add component. Clean all parameters for all variants
Added Component: Designator=Q2(SOT-1210)
Add component. Clean all parameters for all variants
Added Component: Designator=Q3(SOT-1210)
Add component. Clean all parameters for all variants
Added Component: Designator=Q4(SOT-1210)
Add component. Clean all parameters for all variants
Added Component: Designator=S1(GBU)
Add component. Clean all parameters for all variants
Added Pin To Net: NetName=NetL1_1 Pin=L1-1
Added Pin To Net: NetName=NetL1_1 Pin=Q2-1
Added Pin To Net: NetName=NetL1_1 Pin=Q2-1
Added Pin To Net: NetName=NetL1_1 Pin=Q2-1
Added Pin To Net: NetName=NetL1_1 Pin=Q4-3
Added Pin To Net: NetName=NetL1_1 Pin=Q4-3
Added Pin To Net: NetName=NetL1_1 Pin=Q4-3
Added Pin To Net: NetName=NetL1_1 Pin=Q4-3
Added Pin To Net: NetName=NetL1_1 Pin=Q4-3
Added Pin To Net: NetName=NetL1_1 Pin=S1-AC2
Added Net: Name=NetL1_1
Added Pin To Net: NetName=NetL1_2 Pin=L1-2
Added Pin To Net: NetName=NetL1_2 Pin=Q2-2
Added Net: Name=NetL1_2
Added Pin To Net: NetName=NetL1_3 Pin=L1-3
Added Pin To Net: NetName=NetL1_3 Pin=Q3-2
Added Net: Name=NetL1_3
Added Pin To Net: NetName=NetL1_4 Pin=L1-4
Added Pin To Net: NetName=NetL1_4 Pin=Q4-2
Added Net: Name=NetL1_4
Added Pin To Net: NetName=NetL1_5 Pin=L1-5
Added Pin To Net: NetName=NetL1_5 Pin=Q3-1
Added Pin To Net: NetName=NetL1_5 Pin=Q3-1
Added Pin To Net: NetName=NetL1_5 Pin=Q3-1
Added Pin To Net: NetName=NetL1_5 Pin=Q4-1
Added Pin To Net: NetName=NetL1_5 Pin=Q4-1
Added Pin To Net: NetName=NetL1_5 Pin=Q4-1
Added Pin To Net: NetName=NetL1_5 Pin=S1-DC-
Added Net: Name=NetL1_5
Added Pin To Net: NetName=NetL1_6 Pin=L1-6
Added Pin To Net: NetName=NetL1_6 Pin=Q1-3
Added Pin To Net: NetName=NetL1_6 Pin=Q1-3
Added Pin To Net: NetName=NetL1_6 Pin=Q1-3
Added Pin To Net: NetName=NetL1_6 Pin=Q1-3
Added Pin To Net: NetName=NetL1_6 Pin=Q1-3
Added Pin To Net: NetName=NetL1_6 Pin=Q2-3
Added Pin To Net: NetName=NetL1_6 Pin=Q2-3
Added Pin To Net: NetName=NetL1_6 Pin=Q2-3
Added Pin To Net: NetName=NetL1_6 Pin=Q2-3
Added Pin To Net: NetName=NetL1_6 Pin=Q2-3
Added Pin To Net: NetName=NetL1_6 Pin=S1-DC+
Added Net: Name=NetL1_6
Added Pin To Net: NetName=NetL1_7 Pin=L1-7
Added Pin To Net: NetName=NetL1_7 Pin=Q1-2
Added Net: Name=NetL1_7
Added Pin To Net: NetName=NetL1_8 Pin=L1-8
Added Pin To Net: NetName=NetL1_8 Pin=Q1-1
Added Pin To Net: NetName=NetL1_8 Pin=Q1-1
Added Pin To Net: NetName=NetL1_8 Pin=Q1-1
Added Pin To Net: NetName=NetL1_8 Pin=Q3-3
Added Pin To Net: NetName=NetL1_8 Pin=Q3-3
Added Pin To Net: NetName=NetL1_8 Pin=Q3-3
Added Pin To Net: NetName=NetL1_8 Pin=Q3-3
Added Pin To Net: NetName=NetL1_8 Pin=Q3-3
Added Pin To Net: NetName=NetL1_8 Pin=S1-AC1
Added Net: Name=NetL1_8
Added Class: Name=Sync_Rectifier_v0.1
Added Room: Name=Sync_Rectifier_v0.1
