Change Component Footprint: Designator=C2 Old Footprint=CBB 20*23*17 New Footprint=CBB 10*12*8
Change Component Footprint: Designator=C1 Old Footprint=CBB 20*23*17 New Footprint=CBB 50*30*30
Change Component Footprint: Designator=C13 Old Footprint=CBB 20*23*17 New Footprint=CBB 50*30*30
Change Component Comment : Designator=C4 Old Comment=0.01uF/63V New Comment=0.1uF/275V
Change Component Comment : Designator=C5 Old Comment=0.01uF/63V New Comment=0.1uF/275V
Change Component Comment : Designator=C9 Old Comment=0.01uF/63V New Comment=0.1uF/275V
Change Component Comment : Designator=C16 Old Comment=0.01uF/63V New Comment=0.1uF/275V
Change Component Comment : Designator=C17 Old Comment=0.01uF/63V New Comment=0.1uF/275V
Change Component Comment : Designator=C23 Old Comment=0.01uF/63V New Comment=0.1uF/275V
Change Component Comment : Designator=C1 Old Comment=1uF/25V New Comment=0.1uF/275V
Change Component Comment : Designator=C13 Old Comment=1uF/25V New Comment=0.1uF/275V
Change Component Comment : Designator=C22 Old Comment=4.7uF/63V New Comment=0.1uF/275V
Change Component Comment : Designator=C8 Old Comment=10uF/25V New Comment=0.1uF/275V
Change Component Comment : Designator=C11 Old Comment=10uF/200V New Comment=0.1uF/275V
Change Component Comment : Designator=C20 Old Comment=10uF/200V New Comment=0.1uF/275V
Change Component Comment : Designator=C10 Old Comment=27nF/50V New Comment=0.1uF/275V
Change Component Comment : Designator=C24 Old Comment=27nF/50V New Comment=0.1uF/275V
Change Component Comment : Designator=C2 Old Comment=100pF/100V New Comment=0.1uF/275V
Change Component Comment : Designator=C3 Old Comment=100pF/100V New Comment=0.1uF/275V
Change Component Comment : Designator=C14 Old Comment=100pF/100V New Comment=0.1uF/275V
Change Component Comment : Designator=C15 Old Comment=100pF/100V New Comment=0.1uF/275V
Change Component Comment : Designator=C7 Old Comment=220uF/25V New Comment=0.1uF/275V
Change Component Comment : Designator=C12 Old Comment=220uF/25V New Comment=0.1uF/275V
Change Component Comment : Designator=C19 Old Comment=220uF/25V New Comment=0.1uF/275V
Change Component Comment : Designator=C21 Old Comment=220uF/25V New Comment=0.1uF/275V
Change Component Comment : Designator=C6 Old Comment=2000pF/100V New Comment=0.1uF/275V
Change Component Comment : Designator=C18 Old Comment=2000pF/100V New Comment=0.1uF/275V
